<?xml version="1.0" encoding="UTF-8"?>
<!-- Generated by org.testng.reporters.JUnitXMLReporter -->
<testsuite ignored="0" hostname="DESKTOP-OOHKJP3" failures="2" tests="46" name="Report Builder Workflow" time="58.418" errors="0" timestamp="2021-09-07T14:33:00 CDT">
  <testcase classname="Execution.reportBuilderWorkflow" name="testForCertPage" time="2.042"/>
  <testcase classname="Execution.reportBuilderWorkflow" name="clickReportBuilder" time="1.405"/>
  <testcase classname="Execution.reportBuilderWorkflow" name="inputTextBox01" time="1.497"/>
  <testcase classname="Execution.reportBuilderWorkflow" name="selectAnd01" time="0.982"/>
  <testcase classname="Execution.reportBuilderWorkflow" name="clickServiceButton02" time="1.639"/>
  <testcase classname="Execution.reportBuilderWorkflow" name="selectOr01" time="0.897"/>
  <testcase classname="Execution.reportBuilderWorkflow" name="inputTextBox03" time="1.605"/>
  <testcase classname="Execution.reportBuilderWorkflow" name="clickServiceButton03" time="2.016"/>
  <testcase classname="Execution.reportBuilderWorkflow" name="selectAnd02" time="1.045"/>
  <testcase classname="Execution.reportBuilderWorkflow" name="clickTypeButton01" time="2.149"/>
  <testcase classname="Execution.reportBuilderWorkflow" name="inputTextBox04" time="2.497"/>
  <testcase classname="Execution.reportBuilderWorkflow" name="selectAnd03" time="0.982"/>
  <testcase classname="Execution.reportBuilderWorkflow" name="clickTypeButton02" time="1.839"/>
  <testcase classname="Execution.reportBuilderWorkflow" name="clickIsNot" time="1.764"/>
  <testcase classname="Execution.reportBuilderWorkflow" name="selectNextStep" time="1.062"/>
  <testcase classname="Execution.reportBuilderWorkflow" name="selectCheckboxService" time="0.987"/>
  <testcase classname="Execution.reportBuilderWorkflow" name="selectCheckboxRequestType" time="1.025"/>
  <testcase classname="Execution.reportBuilderWorkflow" name="selectCheckboxCurrentStatus" time="1.067"/>
  <testcase classname="Execution.reportBuilderWorkflow" name="selectCheckboxInitiator" time="0.682"/>
  <testcase classname="Execution.reportBuilderWorkflow" name="selectCheckboxActionButton" time="1.043"/>
  <testcase classname="Execution.reportBuilderWorkflow" name="selectCheckboxCommentHistory" time="1.025"/>
  <testcase classname="Execution.reportBuilderWorkflow" name="selectCheckboxApprovalHistory" time="1.022"/>
  <testcase classname="Execution.reportBuilderWorkflow" name="selectCheckboxLastAction" time="1.011"/>
  <testcase classname="Execution.reportBuilderWorkflow" name="selectCheckboxLastMovement" time="1.093"/>
  <testcase classname="Execution.reportBuilderWorkflow" name="selectCheckboxMRTest" time="1.038"/>
  <testcase classname="Execution.reportBuilderWorkflow" name="selectMRTestField1" time="1.053"/>
  <testcase classname="Execution.reportBuilderWorkflow" name="selectMRTestField2" time="0.526">
    <failure type="org.openqa.selenium.NoSuchElementException" message="no such element: Unable to locate element: {&amp;quot;method&amp;quot;:&amp;quot;xpath&amp;quot;,&amp;quot;selector&amp;quot;:&amp;quot;/html/body/div[2]/div/div/div[2]/div[2]/div/div[2]/div[4]/div[3]/div&amp;quot;}
  (Session info: chrome=93.0.4577.63)
For documentation on this error, please visit: https://www.seleniumhq.org/exceptions/no_such_element.html
Build info: version: &amp;apos;3.141.59&amp;apos;, revision: &amp;apos;e82be7d358&amp;apos;, time: &amp;apos;2018-11-14T08:25:48&amp;apos;
System info: host: &amp;apos;DESKTOP-OOHKJP3&amp;apos;, ip: &amp;apos;172.29.176.1&amp;apos;, os.name: &amp;apos;Windows 10&amp;apos;, os.arch: &amp;apos;amd64&amp;apos;, os.version: &amp;apos;10.0&amp;apos;, java.version: &amp;apos;15.0.2&amp;apos;
Driver info: org.openqa.selenium.chrome.ChromeDriver
Capabilities {acceptInsecureCerts: false, browserName: chrome, browserVersion: 93.0.4577.63, chrome: {chromedriverVersion: 92.0.4515.43 (8c61b7e2989f2..., userDataDir: C:\Users\MAXRIC~1\AppData\L...}, goog:chromeOptions: {debuggerAddress: localhost:61969}, javascriptEnabled: true, networkConnectionEnabled: false, pageLoadStrategy: normal, platform: WINDOWS, platformName: WINDOWS, proxy: Proxy(), setWindowRect: true, strictFileInteractability: false, timeouts: {implicit: 0, pageLoad: 300000, script: 30000}, unhandledPromptBehavior: dismiss and notify, webauthn:extension:credBlob: true, webauthn:extension:largeBlob: true, webauthn:virtualAuthenticators: true}
Session ID: 04724946752ea29b4bcdb5c3c96d0a40
*** Element info: {Using=xpath, value=/html/body/div[2]/div/div/div[2]/div[2]/div/div[2]/div[4]/div[3]/div}">
      <![CDATA[org.openqa.selenium.NoSuchElementException: no such element: Unable to locate element: {"method":"xpath","selector":"/html/body/div[2]/div/div/div[2]/div[2]/div/div[2]/div[4]/div[3]/div"}
  (Session info: chrome=93.0.4577.63)
For documentation on this error, please visit: https://www.seleniumhq.org/exceptions/no_such_element.html
Build info: version: '3.141.59', revision: 'e82be7d358', time: '2018-11-14T08:25:48'
System info: host: 'DESKTOP-OOHKJP3', ip: '172.29.176.1', os.name: 'Windows 10', os.arch: 'amd64', os.version: '10.0', java.version: '15.0.2'
Driver info: org.openqa.selenium.chrome.ChromeDriver
Capabilities {acceptInsecureCerts: false, browserName: chrome, browserVersion: 93.0.4577.63, chrome: {chromedriverVersion: 92.0.4515.43 (8c61b7e2989f2..., userDataDir: C:\Users\MAXRIC~1\AppData\L...}, goog:chromeOptions: {debuggerAddress: localhost:61969}, javascriptEnabled: true, networkConnectionEnabled: false, pageLoadStrategy: normal, platform: WINDOWS, platformName: WINDOWS, proxy: Proxy(), setWindowRect: true, strictFileInteractability: false, timeouts: {implicit: 0, pageLoad: 300000, script: 30000}, unhandledPromptBehavior: dismiss and notify, webauthn:extension:credBlob: true, webauthn:extension:largeBlob: true, webauthn:virtualAuthenticators: true}
Session ID: 04724946752ea29b4bcdb5c3c96d0a40
*** Element info: {Using=xpath, value=/html/body/div[2]/div/div/div[2]/div[2]/div/div[2]/div[4]/div[3]/div}
at org.openqa.selenium.remote.http.W3CHttpResponseCodec.createException(W3CHttpResponseCodec.java:187)
at org.openqa.selenium.remote.http.W3CHttpResponseCodec.decode(W3CHttpResponseCodec.java:122)
at org.openqa.selenium.remote.http.W3CHttpResponseCodec.decode(W3CHttpResponseCodec.java:49)
at org.openqa.selenium.remote.HttpCommandExecutor.execute(HttpCommandExecutor.java:158)
at org.openqa.selenium.remote.service.DriverCommandExecutor.execute(DriverCommandExecutor.java:83)
at org.openqa.selenium.remote.RemoteWebDriver.execute(RemoteWebDriver.java:552)
at org.openqa.selenium.remote.RemoteWebDriver.findElement(RemoteWebDriver.java:323)
at org.openqa.selenium.remote.RemoteWebDriver.findElementByXPath(RemoteWebDriver.java:428)
at org.openqa.selenium.By$ByXPath.findElement(By.java:353)
at org.openqa.selenium.remote.RemoteWebDriver.findElement(RemoteWebDriver.java:315)
at Execution.reportBuilderWorkflow.selectMRTestField2(reportBuilderWorkflow.java:413)
at java.base/java.util.ArrayList.forEach(ArrayList.java:1511)
... Removed 32 stack frames]]>
    </failure>
  </testcase> <!-- selectMRTestField2 -->
  <testcase classname="Execution.reportBuilderWorkflow" name="selectMRTestField3" time="0.552">
    <failure type="org.openqa.selenium.NoSuchElementException" message="no such element: Unable to locate element: {&amp;quot;method&amp;quot;:&amp;quot;xpath&amp;quot;,&amp;quot;selector&amp;quot;:&amp;quot;/html/body/div[2]/div/div/div[2]/div[2]/div/div[2]/div[4]/div[4]/div&amp;quot;}
  (Session info: chrome=93.0.4577.63)
For documentation on this error, please visit: https://www.seleniumhq.org/exceptions/no_such_element.html
Build info: version: &amp;apos;3.141.59&amp;apos;, revision: &amp;apos;e82be7d358&amp;apos;, time: &amp;apos;2018-11-14T08:25:48&amp;apos;
System info: host: &amp;apos;DESKTOP-OOHKJP3&amp;apos;, ip: &amp;apos;172.29.176.1&amp;apos;, os.name: &amp;apos;Windows 10&amp;apos;, os.arch: &amp;apos;amd64&amp;apos;, os.version: &amp;apos;10.0&amp;apos;, java.version: &amp;apos;15.0.2&amp;apos;
Driver info: org.openqa.selenium.chrome.ChromeDriver
Capabilities {acceptInsecureCerts: false, browserName: chrome, browserVersion: 93.0.4577.63, chrome: {chromedriverVersion: 92.0.4515.43 (8c61b7e2989f2..., userDataDir: C:\Users\MAXRIC~1\AppData\L...}, goog:chromeOptions: {debuggerAddress: localhost:61969}, javascriptEnabled: true, networkConnectionEnabled: false, pageLoadStrategy: normal, platform: WINDOWS, platformName: WINDOWS, proxy: Proxy(), setWindowRect: true, strictFileInteractability: false, timeouts: {implicit: 0, pageLoad: 300000, script: 30000}, unhandledPromptBehavior: dismiss and notify, webauthn:extension:credBlob: true, webauthn:extension:largeBlob: true, webauthn:virtualAuthenticators: true}
Session ID: 04724946752ea29b4bcdb5c3c96d0a40
*** Element info: {Using=xpath, value=/html/body/div[2]/div/div/div[2]/div[2]/div/div[2]/div[4]/div[4]/div}">
      <![CDATA[org.openqa.selenium.NoSuchElementException: no such element: Unable to locate element: {"method":"xpath","selector":"/html/body/div[2]/div/div/div[2]/div[2]/div/div[2]/div[4]/div[4]/div"}
  (Session info: chrome=93.0.4577.63)
For documentation on this error, please visit: https://www.seleniumhq.org/exceptions/no_such_element.html
Build info: version: '3.141.59', revision: 'e82be7d358', time: '2018-11-14T08:25:48'
System info: host: 'DESKTOP-OOHKJP3', ip: '172.29.176.1', os.name: 'Windows 10', os.arch: 'amd64', os.version: '10.0', java.version: '15.0.2'
Driver info: org.openqa.selenium.chrome.ChromeDriver
Capabilities {acceptInsecureCerts: false, browserName: chrome, browserVersion: 93.0.4577.63, chrome: {chromedriverVersion: 92.0.4515.43 (8c61b7e2989f2..., userDataDir: C:\Users\MAXRIC~1\AppData\L...}, goog:chromeOptions: {debuggerAddress: localhost:61969}, javascriptEnabled: true, networkConnectionEnabled: false, pageLoadStrategy: normal, platform: WINDOWS, platformName: WINDOWS, proxy: Proxy(), setWindowRect: true, strictFileInteractability: false, timeouts: {implicit: 0, pageLoad: 300000, script: 30000}, unhandledPromptBehavior: dismiss and notify, webauthn:extension:credBlob: true, webauthn:extension:largeBlob: true, webauthn:virtualAuthenticators: true}
Session ID: 04724946752ea29b4bcdb5c3c96d0a40
*** Element info: {Using=xpath, value=/html/body/div[2]/div/div/div[2]/div[2]/div/div[2]/div[4]/div[4]/div}
at org.openqa.selenium.remote.http.W3CHttpResponseCodec.createException(W3CHttpResponseCodec.java:187)
at org.openqa.selenium.remote.http.W3CHttpResponseCodec.decode(W3CHttpResponseCodec.java:122)
at org.openqa.selenium.remote.http.W3CHttpResponseCodec.decode(W3CHttpResponseCodec.java:49)
at org.openqa.selenium.remote.HttpCommandExecutor.execute(HttpCommandExecutor.java:158)
at org.openqa.selenium.remote.service.DriverCommandExecutor.execute(DriverCommandExecutor.java:83)
at org.openqa.selenium.remote.RemoteWebDriver.execute(RemoteWebDriver.java:552)
at org.openqa.selenium.remote.RemoteWebDriver.findElement(RemoteWebDriver.java:323)
at org.openqa.selenium.remote.RemoteWebDriver.findElementByXPath(RemoteWebDriver.java:428)
at org.openqa.selenium.By$ByXPath.findElement(By.java:353)
at org.openqa.selenium.remote.RemoteWebDriver.findElement(RemoteWebDriver.java:315)
at Execution.reportBuilderWorkflow.selectMRTestField3(reportBuilderWorkflow.java:424)
at java.base/java.util.ArrayList.forEach(ArrayList.java:1511)
... Removed 32 stack frames]]>
    </failure>
  </testcase> <!-- selectMRTestField3 -->
  <testcase classname="Execution.reportBuilderWorkflow" name="selectGenerateReport" time="1.018"/>
  <testcase classname="Execution.reportBuilderWorkflow" name="inputReportName" time="2.397"/>
  <testcase classname="Execution.reportBuilderWorkflow" name="selectModifyReport" time="0.861"/>
  <testcase classname="Execution.reportBuilderWorkflow" name="removeInitiator" time="0.918"/>
  <testcase classname="Execution.reportBuilderWorkflow" name="selectAnd04" time="0.974"/>
  <testcase classname="Execution.reportBuilderWorkflow" name="clickTypeButton03" time="1.765"/>
  <testcase classname="Execution.reportBuilderWorkflow" name="inputTextBox05" time="1.802"/>
  <testcase classname="Execution.reportBuilderWorkflow" name="selectNextStep02" time="0.981"/>
  <testcase classname="Execution.reportBuilderWorkflow" name="selectGenerateReport02" time="0.916"/>
  <testcase classname="Execution.reportBuilderWorkflow" name="selectEditLabels" time="0.968"/>
  <testcase classname="Execution.reportBuilderWorkflow" name="saveEditLabels" time="0.932"/>
  <testcase classname="Execution.reportBuilderWorkflow" name="selectShareReport" time="0.992"/>
  <testcase classname="Execution.reportBuilderWorkflow" name="clickEmailReport" time="0.946"/>
  <testcase classname="Execution.reportBuilderWorkflow" name="closeEmailDialogue" time="1.024"/>
  <testcase classname="Execution.reportBuilderWorkflow" name="selectExportReport" time="0.996"/>
  <testcase classname="Execution.reportBuilderWorkflow" name="selectJSON" time="0.995"/>
  <testcase classname="Execution.reportBuilderWorkflow" name="jsonShortenLink" time="0.902"/>
  <testcase classname="Execution.reportBuilderWorkflow" name="jsonCloseForm" time="0.911"/>
</testsuite> <!-- Report Builder Workflow -->
