<?xml version="1.0" encoding="UTF-8"?>
<!-- Generated by org.testng.reporters.JUnitReportReporter -->
<testsuite hostname="DESKTOP-OOHKJP3" failures="0" tests="46" name="Execution.reportBuilderWorkflow" time="55.862" errors="2" timestamp="2021-09-07T14:33:30 CDT" skipped="0">
  <testcase classname="Execution.reportBuilderWorkflow" name="testForCertPage" time="2.043"/>
  <system-out/>
  <testcase classname="Execution.reportBuilderWorkflow" name="clickReportBuilder" time="1.409"/>
  <system-out/>
  <testcase classname="Execution.reportBuilderWorkflow" name="inputTextBox01" time="1.497"/>
  <system-out/>
  <testcase classname="Execution.reportBuilderWorkflow" name="selectAnd01" time="0.982"/>
  <system-out/>
  <testcase classname="Execution.reportBuilderWorkflow" name="clickServiceButton02" time="1.639"/>
  <system-out/>
  <testcase classname="Execution.reportBuilderWorkflow" name="selectOr01" time="0.897"/>
  <system-out/>
  <testcase classname="Execution.reportBuilderWorkflow" name="inputTextBox03" time="1.606"/>
  <system-out/>
  <testcase classname="Execution.reportBuilderWorkflow" name="clickServiceButton03" time="2.016"/>
  <system-out/>
  <testcase classname="Execution.reportBuilderWorkflow" name="selectAnd02" time="1.046"/>
  <system-out/>
  <testcase classname="Execution.reportBuilderWorkflow" name="clickTypeButton01" time="2.149"/>
  <system-out/>
  <testcase classname="Execution.reportBuilderWorkflow" name="inputTextBox04" time="2.497"/>
  <system-out/>
  <testcase classname="Execution.reportBuilderWorkflow" name="selectAnd03" time="0.983"/>
  <system-out/>
  <testcase classname="Execution.reportBuilderWorkflow" name="clickTypeButton02" time="1.839"/>
  <system-out/>
  <testcase classname="Execution.reportBuilderWorkflow" name="clickIsNot" time="1.764"/>
  <system-out/>
  <testcase classname="Execution.reportBuilderWorkflow" name="selectNextStep" time="1.063"/>
  <system-out/>
  <testcase classname="Execution.reportBuilderWorkflow" name="selectCheckboxService" time="0.987"/>
  <system-out/>
  <testcase classname="Execution.reportBuilderWorkflow" name="selectCheckboxRequestType" time="1.025"/>
  <system-out/>
  <testcase classname="Execution.reportBuilderWorkflow" name="selectCheckboxCurrentStatus" time="1.068"/>
  <system-out/>
  <testcase classname="Execution.reportBuilderWorkflow" name="selectCheckboxInitiator" time="0.683"/>
  <system-out/>
  <testcase classname="Execution.reportBuilderWorkflow" name="selectCheckboxActionButton" time="1.043"/>
  <system-out/>
  <testcase classname="Execution.reportBuilderWorkflow" name="selectCheckboxCommentHistory" time="1.027"/>
  <system-out/>
  <testcase classname="Execution.reportBuilderWorkflow" name="selectCheckboxApprovalHistory" time="1.022"/>
  <system-out/>
  <testcase classname="Execution.reportBuilderWorkflow" name="selectCheckboxLastAction" time="1.011"/>
  <system-out/>
  <testcase classname="Execution.reportBuilderWorkflow" name="selectCheckboxLastMovement" time="1.093"/>
  <system-out/>
  <testcase classname="Execution.reportBuilderWorkflow" name="selectCheckboxMRTest" time="1.038"/>
  <system-out/>
  <testcase classname="Execution.reportBuilderWorkflow" name="selectMRTestField1" time="1.053"/>
  <system-out/>
  <testcase classname="Execution.reportBuilderWorkflow" name="selectMRTestField2" time="0.526">
    <error message="no such element: Unable to locate element: {&quot;method&quot;:&quot;xpath&quot;,&quot;selector&quot;:&quot;/html/body/div[2]/div/div/div[2]/div[2]/div/div[2]/div[4]/div[3]/div&quot;}
  (Session info: chrome=93.0.4577.63)
For documentation on this error, please visit: https://www.seleniumhq.org/exceptions/no_such_element.html
Build info: version: &#039;3.141.59&#039;, revision: &#039;e82be7d358&#039;, time: &#039;2018-11-14T08:25:48&#039;
System info: host: &#039;DESKTOP-OOHKJP3&#039;, ip: &#039;172.29.176.1&#039;, os.name: &#039;Windows 10&#039;, os.arch: &#039;amd64&#039;, os.version: &#039;10.0&#039;, java.version: &#039;15.0.2&#039;
Driver info: org.openqa.selenium.chrome.ChromeDriver
Capabilities {acceptInsecureCerts: false, browserName: chrome, browserVersion: 93.0.4577.63, chrome: {chromedriverVersion: 92.0.4515.43 (8c61b7e2989f2..., userDataDir: C:\Users\MAXRIC~1\AppData\L...}, goog:chromeOptions: {debuggerAddress: localhost:61969}, javascriptEnabled: true, networkConnectionEnabled: false, pageLoadStrategy: normal, platform: WINDOWS, platformName: WINDOWS, proxy: Proxy(), setWindowRect: true, strictFileInteractability: false, timeouts: {implicit: 0, pageLoad: 300000, script: 30000}, unhandledPromptBehavior: dismiss and notify, webauthn:extension:credBlob: true, webauthn:extension:largeBlob: true, webauthn:virtualAuthenticators: true}
Session ID: 04724946752ea29b4bcdb5c3c96d0a40
*** Element info: {Using=xpath, value=/html/body/div[2]/div/div/div[2]/div[2]/div/div[2]/div[4]/div[3]/div}" type="org.openqa.selenium.NoSuchElementException">
      <![CDATA[org.openqa.selenium.NoSuchElementException: no such element: Unable to locate element: {"method":"xpath","selector":"/html/body/div[2]/div/div/div[2]/div[2]/div/div[2]/div[4]/div[3]/div"}
  (Session info: chrome=93.0.4577.63)
For documentation on this error, please visit: https://www.seleniumhq.org/exceptions/no_such_element.html
Build info: version: '3.141.59', revision: 'e82be7d358', time: '2018-11-14T08:25:48'
System info: host: 'DESKTOP-OOHKJP3', ip: '172.29.176.1', os.name: 'Windows 10', os.arch: 'amd64', os.version: '10.0', java.version: '15.0.2'
Driver info: org.openqa.selenium.chrome.ChromeDriver
Capabilities {acceptInsecureCerts: false, browserName: chrome, browserVersion: 93.0.4577.63, chrome: {chromedriverVersion: 92.0.4515.43 (8c61b7e2989f2..., userDataDir: C:\Users\MAXRIC~1\AppData\L...}, goog:chromeOptions: {debuggerAddress: localhost:61969}, javascriptEnabled: true, networkConnectionEnabled: false, pageLoadStrategy: normal, platform: WINDOWS, platformName: WINDOWS, proxy: Proxy(), setWindowRect: true, strictFileInteractability: false, timeouts: {implicit: 0, pageLoad: 300000, script: 30000}, unhandledPromptBehavior: dismiss and notify, webauthn:extension:credBlob: true, webauthn:extension:largeBlob: true, webauthn:virtualAuthenticators: true}
Session ID: 04724946752ea29b4bcdb5c3c96d0a40
*** Element info: {Using=xpath, value=/html/body/div[2]/div/div/div[2]/div[2]/div/div[2]/div[4]/div[3]/div}
at java.base/jdk.internal.reflect.NativeConstructorAccessorImpl.newInstance0(Native Method)
at java.base/jdk.internal.reflect.NativeConstructorAccessorImpl.newInstance(NativeConstructorAccessorImpl.java:64)
at java.base/jdk.internal.reflect.DelegatingConstructorAccessorImpl.newInstance(DelegatingConstructorAccessorImpl.java:45)
at java.base/java.lang.reflect.Constructor.newInstanceWithCaller(Constructor.java:500)
at java.base/java.lang.reflect.Constructor.newInstance(Constructor.java:481)
at org.openqa.selenium.remote.http.W3CHttpResponseCodec.createException(W3CHttpResponseCodec.java:187)
at org.openqa.selenium.remote.http.W3CHttpResponseCodec.decode(W3CHttpResponseCodec.java:122)
at org.openqa.selenium.remote.http.W3CHttpResponseCodec.decode(W3CHttpResponseCodec.java:49)
at org.openqa.selenium.remote.HttpCommandExecutor.execute(HttpCommandExecutor.java:158)
at org.openqa.selenium.remote.service.DriverCommandExecutor.execute(DriverCommandExecutor.java:83)
at org.openqa.selenium.remote.RemoteWebDriver.execute(RemoteWebDriver.java:552)
at org.openqa.selenium.remote.RemoteWebDriver.findElement(RemoteWebDriver.java:323)
at org.openqa.selenium.remote.RemoteWebDriver.findElementByXPath(RemoteWebDriver.java:428)
at org.openqa.selenium.By$ByXPath.findElement(By.java:353)
at org.openqa.selenium.remote.RemoteWebDriver.findElement(RemoteWebDriver.java:315)
at Execution.reportBuilderWorkflow.selectMRTestField2(reportBuilderWorkflow.java:413)
at java.base/jdk.internal.reflect.NativeMethodAccessorImpl.invoke0(Native Method)
at java.base/jdk.internal.reflect.NativeMethodAccessorImpl.invoke(NativeMethodAccessorImpl.java:64)
at java.base/jdk.internal.reflect.DelegatingMethodAccessorImpl.invoke(DelegatingMethodAccessorImpl.java:43)
at java.base/java.lang.reflect.Method.invoke(Method.java:564)
at org.testng.internal.MethodInvocationHelper.invokeMethod(MethodInvocationHelper.java:133)
at org.testng.internal.TestInvoker.invokeMethod(TestInvoker.java:598)
at org.testng.internal.TestInvoker.invokeTestMethod(TestInvoker.java:173)
at org.testng.internal.MethodRunner.runInSequence(MethodRunner.java:46)
at org.testng.internal.TestInvoker$MethodInvocationAgent.invoke(TestInvoker.java:824)
at org.testng.internal.TestInvoker.invokeTestMethods(TestInvoker.java:146)
at org.testng.internal.TestMethodWorker.invokeTestMethods(TestMethodWorker.java:146)
at org.testng.internal.TestMethodWorker.run(TestMethodWorker.java:128)
at java.base/java.util.ArrayList.forEach(ArrayList.java:1511)
at org.testng.TestRunner.privateRun(TestRunner.java:794)
at org.testng.TestRunner.run(TestRunner.java:596)
at org.testng.SuiteRunner.runTest(SuiteRunner.java:377)
at org.testng.SuiteRunner.runSequentially(SuiteRunner.java:371)
at org.testng.SuiteRunner.privateRun(SuiteRunner.java:332)
at org.testng.SuiteRunner.run(SuiteRunner.java:276)
at org.testng.SuiteRunnerWorker.runSuite(SuiteRunnerWorker.java:53)
at org.testng.SuiteRunnerWorker.run(SuiteRunnerWorker.java:96)
at org.testng.TestNG.runSuitesSequentially(TestNG.java:1212)
at org.testng.TestNG.runSuitesLocally(TestNG.java:1134)
at org.testng.TestNG.runSuites(TestNG.java:1063)
at org.testng.TestNG.run(TestNG.java:1031)
at org.testng.remote.AbstractRemoteTestNG.run(AbstractRemoteTestNG.java:115)
at org.testng.remote.RemoteTestNG.initAndRun(RemoteTestNG.java:251)
at org.testng.remote.RemoteTestNG.main(RemoteTestNG.java:77)
]]>
    </error>
  </testcase> <!-- selectMRTestField2 -->
  <system-out/>
  <testcase classname="Execution.reportBuilderWorkflow" name="selectMRTestField3" time="0.552">
    <error message="no such element: Unable to locate element: {&quot;method&quot;:&quot;xpath&quot;,&quot;selector&quot;:&quot;/html/body/div[2]/div/div/div[2]/div[2]/div/div[2]/div[4]/div[4]/div&quot;}
  (Session info: chrome=93.0.4577.63)
For documentation on this error, please visit: https://www.seleniumhq.org/exceptions/no_such_element.html
Build info: version: &#039;3.141.59&#039;, revision: &#039;e82be7d358&#039;, time: &#039;2018-11-14T08:25:48&#039;
System info: host: &#039;DESKTOP-OOHKJP3&#039;, ip: &#039;172.29.176.1&#039;, os.name: &#039;Windows 10&#039;, os.arch: &#039;amd64&#039;, os.version: &#039;10.0&#039;, java.version: &#039;15.0.2&#039;
Driver info: org.openqa.selenium.chrome.ChromeDriver
Capabilities {acceptInsecureCerts: false, browserName: chrome, browserVersion: 93.0.4577.63, chrome: {chromedriverVersion: 92.0.4515.43 (8c61b7e2989f2..., userDataDir: C:\Users\MAXRIC~1\AppData\L...}, goog:chromeOptions: {debuggerAddress: localhost:61969}, javascriptEnabled: true, networkConnectionEnabled: false, pageLoadStrategy: normal, platform: WINDOWS, platformName: WINDOWS, proxy: Proxy(), setWindowRect: true, strictFileInteractability: false, timeouts: {implicit: 0, pageLoad: 300000, script: 30000}, unhandledPromptBehavior: dismiss and notify, webauthn:extension:credBlob: true, webauthn:extension:largeBlob: true, webauthn:virtualAuthenticators: true}
Session ID: 04724946752ea29b4bcdb5c3c96d0a40
*** Element info: {Using=xpath, value=/html/body/div[2]/div/div/div[2]/div[2]/div/div[2]/div[4]/div[4]/div}" type="org.openqa.selenium.NoSuchElementException">
      <![CDATA[org.openqa.selenium.NoSuchElementException: no such element: Unable to locate element: {"method":"xpath","selector":"/html/body/div[2]/div/div/div[2]/div[2]/div/div[2]/div[4]/div[4]/div"}
  (Session info: chrome=93.0.4577.63)
For documentation on this error, please visit: https://www.seleniumhq.org/exceptions/no_such_element.html
Build info: version: '3.141.59', revision: 'e82be7d358', time: '2018-11-14T08:25:48'
System info: host: 'DESKTOP-OOHKJP3', ip: '172.29.176.1', os.name: 'Windows 10', os.arch: 'amd64', os.version: '10.0', java.version: '15.0.2'
Driver info: org.openqa.selenium.chrome.ChromeDriver
Capabilities {acceptInsecureCerts: false, browserName: chrome, browserVersion: 93.0.4577.63, chrome: {chromedriverVersion: 92.0.4515.43 (8c61b7e2989f2..., userDataDir: C:\Users\MAXRIC~1\AppData\L...}, goog:chromeOptions: {debuggerAddress: localhost:61969}, javascriptEnabled: true, networkConnectionEnabled: false, pageLoadStrategy: normal, platform: WINDOWS, platformName: WINDOWS, proxy: Proxy(), setWindowRect: true, strictFileInteractability: false, timeouts: {implicit: 0, pageLoad: 300000, script: 30000}, unhandledPromptBehavior: dismiss and notify, webauthn:extension:credBlob: true, webauthn:extension:largeBlob: true, webauthn:virtualAuthenticators: true}
Session ID: 04724946752ea29b4bcdb5c3c96d0a40
*** Element info: {Using=xpath, value=/html/body/div[2]/div/div/div[2]/div[2]/div/div[2]/div[4]/div[4]/div}
at java.base/jdk.internal.reflect.NativeConstructorAccessorImpl.newInstance0(Native Method)
at java.base/jdk.internal.reflect.NativeConstructorAccessorImpl.newInstance(NativeConstructorAccessorImpl.java:64)
at java.base/jdk.internal.reflect.DelegatingConstructorAccessorImpl.newInstance(DelegatingConstructorAccessorImpl.java:45)
at java.base/java.lang.reflect.Constructor.newInstanceWithCaller(Constructor.java:500)
at java.base/java.lang.reflect.Constructor.newInstance(Constructor.java:481)
at org.openqa.selenium.remote.http.W3CHttpResponseCodec.createException(W3CHttpResponseCodec.java:187)
at org.openqa.selenium.remote.http.W3CHttpResponseCodec.decode(W3CHttpResponseCodec.java:122)
at org.openqa.selenium.remote.http.W3CHttpResponseCodec.decode(W3CHttpResponseCodec.java:49)
at org.openqa.selenium.remote.HttpCommandExecutor.execute(HttpCommandExecutor.java:158)
at org.openqa.selenium.remote.service.DriverCommandExecutor.execute(DriverCommandExecutor.java:83)
at org.openqa.selenium.remote.RemoteWebDriver.execute(RemoteWebDriver.java:552)
at org.openqa.selenium.remote.RemoteWebDriver.findElement(RemoteWebDriver.java:323)
at org.openqa.selenium.remote.RemoteWebDriver.findElementByXPath(RemoteWebDriver.java:428)
at org.openqa.selenium.By$ByXPath.findElement(By.java:353)
at org.openqa.selenium.remote.RemoteWebDriver.findElement(RemoteWebDriver.java:315)
at Execution.reportBuilderWorkflow.selectMRTestField3(reportBuilderWorkflow.java:424)
at java.base/jdk.internal.reflect.NativeMethodAccessorImpl.invoke0(Native Method)
at java.base/jdk.internal.reflect.NativeMethodAccessorImpl.invoke(NativeMethodAccessorImpl.java:64)
at java.base/jdk.internal.reflect.DelegatingMethodAccessorImpl.invoke(DelegatingMethodAccessorImpl.java:43)
at java.base/java.lang.reflect.Method.invoke(Method.java:564)
at org.testng.internal.MethodInvocationHelper.invokeMethod(MethodInvocationHelper.java:133)
at org.testng.internal.TestInvoker.invokeMethod(TestInvoker.java:598)
at org.testng.internal.TestInvoker.invokeTestMethod(TestInvoker.java:173)
at org.testng.internal.MethodRunner.runInSequence(MethodRunner.java:46)
at org.testng.internal.TestInvoker$MethodInvocationAgent.invoke(TestInvoker.java:824)
at org.testng.internal.TestInvoker.invokeTestMethods(TestInvoker.java:146)
at org.testng.internal.TestMethodWorker.invokeTestMethods(TestMethodWorker.java:146)
at org.testng.internal.TestMethodWorker.run(TestMethodWorker.java:128)
at java.base/java.util.ArrayList.forEach(ArrayList.java:1511)
at org.testng.TestRunner.privateRun(TestRunner.java:794)
at org.testng.TestRunner.run(TestRunner.java:596)
at org.testng.SuiteRunner.runTest(SuiteRunner.java:377)
at org.testng.SuiteRunner.runSequentially(SuiteRunner.java:371)
at org.testng.SuiteRunner.privateRun(SuiteRunner.java:332)
at org.testng.SuiteRunner.run(SuiteRunner.java:276)
at org.testng.SuiteRunnerWorker.runSuite(SuiteRunnerWorker.java:53)
at org.testng.SuiteRunnerWorker.run(SuiteRunnerWorker.java:96)
at org.testng.TestNG.runSuitesSequentially(TestNG.java:1212)
at org.testng.TestNG.runSuitesLocally(TestNG.java:1134)
at org.testng.TestNG.runSuites(TestNG.java:1063)
at org.testng.TestNG.run(TestNG.java:1031)
at org.testng.remote.AbstractRemoteTestNG.run(AbstractRemoteTestNG.java:115)
at org.testng.remote.RemoteTestNG.initAndRun(RemoteTestNG.java:251)
at org.testng.remote.RemoteTestNG.main(RemoteTestNG.java:77)
]]>
    </error>
  </testcase> <!-- selectMRTestField3 -->
  <system-out/>
  <testcase classname="Execution.reportBuilderWorkflow" name="selectGenerateReport" time="1.019"/>
  <system-out/>
  <testcase classname="Execution.reportBuilderWorkflow" name="inputReportName" time="2.398"/>
  <system-out/>
  <testcase classname="Execution.reportBuilderWorkflow" name="selectModifyReport" time="0.861"/>
  <system-out/>
  <testcase classname="Execution.reportBuilderWorkflow" name="removeInitiator" time="0.918"/>
  <system-out/>
  <testcase classname="Execution.reportBuilderWorkflow" name="selectAnd04" time="0.974"/>
  <system-out/>
  <testcase classname="Execution.reportBuilderWorkflow" name="clickTypeButton03" time="1.765"/>
  <system-out/>
  <testcase classname="Execution.reportBuilderWorkflow" name="inputTextBox05" time="1.803"/>
  <system-out/>
  <testcase classname="Execution.reportBuilderWorkflow" name="selectNextStep02" time="0.981"/>
  <system-out/>
  <testcase classname="Execution.reportBuilderWorkflow" name="selectGenerateReport02" time="0.917"/>
  <system-out/>
  <testcase classname="Execution.reportBuilderWorkflow" name="selectEditLabels" time="0.968"/>
  <system-out/>
  <testcase classname="Execution.reportBuilderWorkflow" name="saveEditLabels" time="0.932"/>
  <system-out/>
  <testcase classname="Execution.reportBuilderWorkflow" name="selectShareReport" time="0.993"/>
  <system-out/>
  <testcase classname="Execution.reportBuilderWorkflow" name="clickEmailReport" time="0.946"/>
  <system-out/>
  <testcase classname="Execution.reportBuilderWorkflow" name="closeEmailDialogue" time="1.024"/>
  <system-out/>
  <testcase classname="Execution.reportBuilderWorkflow" name="selectExportReport" time="0.996"/>
  <system-out/>
  <testcase classname="Execution.reportBuilderWorkflow" name="selectJSON" time="0.995"/>
  <system-out/>
  <testcase classname="Execution.reportBuilderWorkflow" name="jsonShortenLink" time="0.903"/>
  <system-out/>
  <testcase classname="Execution.reportBuilderWorkflow" name="jsonCloseForm" time="0.911"/>
  <system-out/>
</testsuite> <!-- Execution.reportBuilderWorkflow -->
